23/11/2023 22:07:23	Este log contém informações sobre a operação do esquema importado no projeto 'LojaV2' no computador 'WINDOWS' pelo usuário 'luiza'.
23/11/2023 22:07:23	A importação do esquema de banco de dados foi iniciada.
23/11/2023 22:07:24	Coletando mensagens de erro
23/11/2023 22:07:24	Coletando provedores criptográficos
23/11/2023 22:07:24	Coletando credenciais
23/11/2023 22:07:24	Coletando logons
23/11/2023 22:07:24	Coletando funções de servidor
23/11/2023 22:07:24	Coletando associações de função do servidor
23/11/2023 22:07:24	Coletando servidores vinculados
23/11/2023 22:07:24	Coletando logons de servidor vinculado
23/11/2023 22:07:24	Coletando rotas
23/11/2023 22:07:24	Coletando gatilhos ddl
23/11/2023 22:07:24	Coletando gatilhos ddl criptografados e clr
23/11/2023 22:07:24	Coletando notificações de eventos
23/11/2023 22:07:24	Coletando auditorias de servidor
23/11/2023 22:07:24	Coletando especificações de auditoria de servidor
23/11/2023 22:07:24	Coletando notificações de eventos
23/11/2023 22:07:26	Coletando credenciais do banco de dados
23/11/2023 22:07:26	Coletando opções de banco de dados
23/11/2023 22:07:26	Reunindo a opção de configuração no escopo do banco de dados genérico
23/11/2023 22:07:26	Coletando usuários
23/11/2023 22:07:26	Coletando funções
23/11/2023 22:07:26	Coletando funções de aplicativo
23/11/2023 22:07:26	Coletando associações de função
23/11/2023 22:07:26	Coletando grupos de arquivos
23/11/2023 22:07:26	Coletando arquivos
23/11/2023 22:07:26	Coletando catálogos de texto completo
23/11/2023 22:07:26	Coletando assemblies
23/11/2023 22:07:26	Coletando certificados
23/11/2023 22:07:26	Coletando chaves assimétricas
23/11/2023 22:07:26	Coletando chaves simétricas
23/11/2023 22:07:26	Coletando chaves simétricas criptografadas
23/11/2023 22:07:26	Coletando chaves de criptografia de banco de dados
23/11/2023 22:07:26	Coletando esquemas
23/11/2023 22:07:26	Coletando coleções de esquema XML
23/11/2023 22:07:26	Coletando tipos de dados definidos pelo usuário
23/11/2023 22:07:26	Coletando tipos definidos pelo usuário
23/11/2023 22:07:26	Coletando tipos de tabela
23/11/2023 22:07:26	Coletando chaves exclusivas para tipos de tabela
23/11/2023 22:07:26	Coletando chaves primárias para tipos de tabela
23/11/2023 22:07:27	Reunindo índices para tipos de tabela
23/11/2023 22:07:27	Coletando restrições de verificação para tipos de tabela
23/11/2023 22:07:27	Coletando restrições padrão para tipos de tabela
23/11/2023 22:07:27	Coletando funções de partição
23/11/2023 22:07:27	Coletando esquemas de partição
23/11/2023 22:07:27	Coletando funções
23/11/2023 22:07:27	Coletando funções criptografadas
23/11/2023 22:07:27	Coletando agregações
23/11/2023 22:07:27	Coletando procedimentos
23/11/2023 22:07:27	Coletando procedimentos criptografados
23/11/2023 22:07:27	Coletando tabelas
23/11/2023 22:07:27	Coletando chaves primárias
23/11/2023 22:07:27	Coletando restrições exclusivas
23/11/2023 22:07:27	Coletando chaves estrangeiras
23/11/2023 22:07:27	Coletando restrições padrão
23/11/2023 22:07:27	Coletando restrições de verificação
23/11/2023 22:07:27	Coletando exibições
23/11/2023 22:07:27	Coletando exibições criptografadas
23/11/2023 22:07:27	Coletando índices
23/11/2023 22:07:27	Coletando estatísticas
23/11/2023 22:07:27	Coletando listas de palavras irrelevantes de índice de texto completo
23/11/2023 22:07:27	Coletando listas de propriedades de pesquisa
23/11/2023 22:07:27	Coletando propriedades de pesquisa
23/11/2023 22:07:27	Coletando índices de texto completo
23/11/2023 22:07:27	Coletando índices de repositório de coluna
23/11/2023 22:07:27	Coletando índices espaciais
23/11/2023 22:07:27	Coletando índices XML
23/11/2023 22:07:27	Reunindo índices XML Seletivos
23/11/2023 22:07:27	Coletando gatilhos criptografados
23/11/2023 22:07:27	Coletando gatilhos
23/11/2023 22:07:27	Coletando gatilhos ddl criptografados e clr
23/11/2023 22:07:27	Coletando gatilhos ddl
23/11/2023 22:07:27	Criando restrições de borda
23/11/2023 22:07:27	Coletando sinônimos
23/11/2023 22:07:27	Coletando padrões
23/11/2023 22:07:27	Coletando ligações uddt de restrições de dados
23/11/2023 22:07:27	Coletando regras
23/11/2023 22:07:27	Coletando ligações uddt de restrições de dados
23/11/2023 22:07:27	Coletando tipos de mensagem
23/11/2023 22:07:27	Coletando filas
23/11/2023 22:07:27	Coletando contratos
23/11/2023 22:07:27	Coletando serviços
23/11/2023 22:07:27	Coletando rotas
23/11/2023 22:07:27	Coletando notificações de eventos
23/11/2023 22:07:27	Coletando ligações de serviço remoto
23/11/2023 22:07:27	Coletando prioridades do agente
23/11/2023 22:07:27	Coletando especificações de auditoria de banco de dados
23/11/2023 22:07:27	Coletando assinaturas
23/11/2023 22:07:27	Coletando opções de compactação
23/11/2023 22:07:27	Coletando tipos de sequência
23/11/2023 22:07:27	Reunindo as políticas de segurança
23/11/2023 22:07:27	Coletar chaves de criptografia de coluna
23/11/2023 22:07:27	Coletando chaves mestre de coluna
23/11/2023 22:07:27	Coletando fontes de dados externas
23/11/2023 22:07:27	Coletando formatos de arquivo externo
23/11/2023 22:07:27	Coletando tabelas externas
23/11/2023 22:07:27	Coletando permissões de banco de dados
23/11/2023 22:07:27	Coletando propriedades estendidas
23/11/2023 22:07:27	Coletando assemblies
23/11/2023 22:07:27	Examinando projeto para elementos duplicados
23/11/2023 22:07:28	Processamento de elementos duplicados concluído
23/11/2023 22:07:28	Importação do banco de dados concluída.
23/11/2023 22:07:28	Um resumo da importação foi salvo no seguinte local: C:\Users\luiza\Documents\GitHub\LC_Repository\LojaDeLivros\LojaV2\LojaV2\Importar Logs de Esquema\LojaV2_20231124010723.log.
23/11/2023 22:07:28	Clique em Concluir para continuar...
